2022-12-14T14:29:40.046155+01:00 INFO client - Starting client...
2022-12-14T14:29:40.067366+01:00 INFO client - Connecting to https://google.com/
2022-12-14T14:29:57.973382+01:00 INFO client - Starting client...
2022-12-14T14:29:57.976814+01:00 INFO client - Connecting to https://google.com/
2022-12-14T14:29:57.997625+01:00 INFO client - Connecting to https://cloudflare.com/
2022-12-14T14:32:19.927765+01:00 INFO client - Starting client...
2022-12-14T14:32:19.932108+01:00 INFO client - Connecting to https://google.com/
2022-12-14T14:32:19.932923+01:00 ERROR client - spawning
2022-12-14T14:32:19.949591+01:00 INFO client - Connecting to https://cloudflare.com/
2022-12-14T14:39:01.290775+01:00 INFO client - Starting client...
2022-12-14T14:39:01.308589+01:00 INFO client - Connecting to https://google.com/
2022-12-14T14:39:01.326400+01:00 INFO client - Connecting to https://cloudflare.com/
2022-12-14T14:39:11.312378+01:00 ERROR client - failed to connect to the server: timed out
2022-12-14T14:39:11.328739+01:00 ERROR client - failed to connect to the server: timed out
2022-12-14T14:39:23.246166+01:00 INFO client - Starting client...
2022-12-14T14:39:23.249499+01:00 INFO client - Connecting to https://google.com/
2022-12-14T14:39:23.252741+01:00 INFO client - Connecting to https://cloudflare.com/
2022-12-14T14:39:33.253824+01:00 ERROR client - failed to connect to the server: timed out
2022-12-14T14:39:33.254983+01:00 ERROR client - failed to connect to the server: timed out
2022-12-14T14:39:36.356956+01:00 INFO client - Starting client...
2022-12-14T14:39:36.360239+01:00 INFO client - Connecting to https://google.com/
2022-12-14T14:39:36.361932+01:00 INFO client - Connecting to https://cloudflare.com/
2022-12-14T14:39:46.363828+01:00 ERROR client - failed to connect to the server: timed out
2022-12-14T14:39:46.364268+01:00 ERROR client - failed to connect to the server: timed out
2022-12-14T14:43:03.791916+01:00 INFO client - Starting client...
2022-12-14T14:43:03.809922+01:00 INFO client - Connecting to https://google.com/
2022-12-14T14:43:03.826181+01:00 INFO client - Connecting to https://cloudflare.com/
2022-12-14T14:43:13.813001+01:00 ERROR client - failed to connect to the server: timed out
2022-12-14T14:43:13.829486+01:00 ERROR client - failed to connect to the server: timed out
